<?xml version="1.0" encoding="UTF-8"?>
<!-- Generated by org.testng.reporters.JUnitXMLReporter -->
<testsuite hostname="SBMAC0261.local" ignored="0" name="Test" tests="2" failures="1" timestamp="14 Feb 2019 12:05:27 GMT" time="4.752" errors="0">
  <testcase name="googleTitleVerify" time="4.703" classname="listnersDemo.ListnerDemo2"/>
  <testcase name="titleMatched" time="0.006" classname="listnersDemo.ListnerDemo2">
    <failure type="java.lang.AssertionError" message="expected [true] but found [false]">
      <![CDATA[java.lang.AssertionError: expected [true] but found [false]
	at listnersDemo.ListnerDemo2.titleMatched(ListnerDemo2.java:23)
... Removed 29 stack frames]]>
    </failure>
  </testcase> <!-- titleMatched -->
</testsuite> <!-- Test -->
