-------------------------------------------------------------------------------
Test set: TestSuite
-------------------------------------------------------------------------------
Tests run: 3, Failures: 1, Errors: 0, Skipped: 1, Time elapsed: 25.569 s <<< FAILURE! - in TestSuite
failTest(extentReportEmail.MailReportClass)  Time elapsed: 0.012 s  <<< FAILURE!
java.lang.AssertionError: 
	at extentReportEmail.MailReportClass.failTest(MailReportClass.java:67)

